d:\прога 2 курс 2019\09-deomin-work\kursova_nv\debug\kursova_nv.ilk
d:\прога 2 курс 2019\09-deomin-work\kursova_nv\debug\kursova_nv.exe
d:\прога 2 курс 2019\09-deomin-work\kursova_nv\debug\kursova_nv.pdb
d:\прога 2 курс 2019\09-deomin-work\kursova_nv\kursova_nv\debug\vcpkg.applocal.log
d:\прога 2 курс 2019\09-deomin-work\kursova_nv\kursova_nv\debug\vc141.pdb
d:\прога 2 курс 2019\09-deomin-work\kursova_nv\kursova_nv\debug\vc141.idb
d:\прога 2 курс 2019\09-deomin-work\kursova_nv\kursova_nv\debug\theater.obj
d:\прога 2 курс 2019\09-deomin-work\kursova_nv\kursova_nv\debug\main.obj
d:\прога 2 курс 2019\09-deomin-work\kursova_nv\kursova_nv\debug\keyboard.obj
d:\прога 2 курс 2019\09-deomin-work\kursova_nv\kursova_nv\debug\file.obj
d:\прога 2 курс 2019\09-deomin-work\kursova_nv\kursova_nv\debug\cultural_institution.obj
d:\прога 2 курс 2019\09-deomin-work\kursova_nv\kursova_nv\debug\container.obj
d:\прога 2 курс 2019\09-deomin-work\kursova_nv\kursova_nv\debug\cinema.obj
d:\прога 2 курс 2019\09-deomin-work\kursova_nv\kursova_nv\debug\menu.obj
d:\прога 2 курс 2019\09-deomin-work\kursova_nv\kursova_nv\debug\test.obj
d:\прога 2 курс 2019\09-deomin-work\kursova_nv\kursova_nv\debug\file.obj.enc
d:\прога 2 курс 2019\09-deomin-work\kursova_nv\kursova_nv\debug\kursova_nv.tlog\cl.command.1.tlog
d:\прога 2 курс 2019\09-deomin-work\kursova_nv\kursova_nv\debug\kursova_nv.tlog\link.read.1.tlog
d:\прога 2 курс 2019\09-deomin-work\kursova_nv\kursova_nv\debug\kursova_nv.tlog\link.write.1.tlog
d:\прога 2 курс 2019\09-deomin-work\kursova_nv\kursova_nv\debug\kursova_nv.tlog\link.command.1.tlog
d:\прога 2 курс 2019\09-deomin-work\kursova_nv\kursova_nv\debug\kursova_nv.tlog\kursova_nv.write.1u.tlog
d:\прога 2 курс 2019\09-deomin-work\kursova_nv\kursova_nv\debug\kursova_nv.tlog\cl.read.1.tlog
d:\прога 2 курс 2019\09-deomin-work\kursova_nv\kursova_nv\debug\kursova_nv.tlog\cl.write.1.tlog
